[03Jun2025 00:00:13.286] [Server thread/WARN] [net.minecraft.server.network.ServerGamePacketListenerImpl/]: Lcdo_Patino moved wrongly!
[03Jun2025 00:04:36.452] [Worker-Main-60/WARN] [net.minecraft.world.level.levelgen.heightproviders.UniformHeight/]: Empty height range: [-55 absolute--60 absolute]
[03Jun2025 00:04:36.452] [Worker-Main-60/WARN] [net.minecraft.world.level.levelgen.heightproviders.UniformHeight/]: Empty height range: [-55 absolute--60 absolute]
[03Jun2025 00:04:36.452] [Worker-Main-60/WARN] [net.minecraft.world.level.levelgen.heightproviders.UniformHeight/]: Empty height range: [-55 absolute--60 absolute]
[03Jun2025 00:04:53.104] [Worker-Main-1/INFO] [com.teampotato.redirector.Redirector/]: Redirecting net/minecraft/world/entity/animal/horse/Markings
[03Jun2025 00:12:40.088] [Server thread/INFO] [net.minecraft.server.MinecraftServer/]: Lcdo_Patino has made the advancement [Minty Fresh]
[03Jun2025 00:46:11.839] [Server thread/INFO] [com.teampotato.redirector.Redirector/]: Redirecting net/minecraft/world/level/gameevent/GameEventListener$DeliveryMode
[03Jun2025 00:46:29.789] [Server thread/INFO] [net.minecraft.server.MinecraftServer/]: Lcdo_Patino was blown up by Creeper
[03Jun2025 00:46:29.792] [Server thread/INFO] [com.tiviacz.travelersbackpack.TravelersBackpack/]: Created new backpack backup file for Lcdo_Patino with unique ID travelersbackpack.standard_03.06.2025-00.46.29.dat
[03Jun2025 00:46:29.792] [Server thread/INFO] [com.tiviacz.travelersbackpack.TravelersBackpack/]: Your backpack has been placed at X: 25 Y: -6 Z: -147
[03Jun2025 00:47:08.209] [Server thread/INFO] [net.minecraft.server.MinecraftServer/]: [Lcdo_Patino: Set own game mode to Spectator Mode]
[03Jun2025 00:49:32.930] [Server thread/INFO] [net.minecraft.server.commands.LocateCommand/]: Locating element minecraft:lush_caves took 311 ms
[03Jun2025 00:49:36.824] [Server thread/INFO] [net.minecraft.server.MinecraftServer/]: [Lcdo_Patino: Teleported Lcdo_Patino to 1303.500000, 16.000000, 2283.500000]
[03Jun2025 00:55:18.914] [Server thread/INFO] [net.minecraft.server.commands.LocateCommand/]: Locating element minecraft:lush_caves took 46 ms
[03Jun2025 00:55:22.646] [Server thread/INFO] [net.minecraft.server.MinecraftServer/]: [Lcdo_Patino: Teleported Lcdo_Patino to 265.500000, -18.000000, -780.500000]
[03Jun2025 00:56:06.354] [Server thread/INFO] [net.minecraft.server.MinecraftServer/]: [Lcdo_Patino: Applied effect Night Vision to Lcdo_Patino]
[03Jun2025 00:57:29.884] [Server thread/INFO] [net.minecraft.server.MinecraftServer/]: [Lcdo_Patino: Set own game mode to Survival Mode]
[03Jun2025 00:57:35.537] [Server thread/INFO] [net.minecraft.server.MinecraftServer/]: Lcdo_Patino has made the advancement [Herb your Enthusiasm]
[03Jun2025 00:58:10.880] [Server thread/INFO] [net.minecraft.server.MinecraftServer/]: [Lcdo_Patino: Removed every effect from Lcdo_Patino]
[03Jun2025 01:05:49.908] [Server thread/INFO] [net.minecraft.server.MinecraftServer/]: Lcdo_Patino has made the advancement [Healing Power]
[03Jun2025 01:07:03.675] [Server thread/INFO] [com.teampotato.redirector.Redirector/]: Redirecting net/minecraftforge/fluids/capability/IFluidHandler$FluidAction
[03Jun2025 01:17:45.182] [Server thread/INFO] [com.teampotato.redirector.Redirector/]: Redirecting net/minecraft/world/entity/ai/goal/RangedCrossbowAttackGoal$CrossbowState
[03Jun2025 02:22:17.036] [Server thread/INFO] [com.cobblemon.mod.common.Cobblemon/]: No battle could be found with the id: 2b4e5d6c-6466-49e8-86a1-3ac4a128aed0
[03Jun2025 02:22:17.037] [Server thread/INFO] [com.cobblemon.mod.common.Cobblemon/]: No battle could be found with the id: 2b4e5d6c-6466-49e8-86a1-3ac4a128aed0
[03Jun2025 02:51:26.341] [Server thread/INFO] [com.cobblemon.mod.common.Cobblemon/]: No battle could be found with the id: ab121b67-f1e2-4cb8-ad29-a18416c94ed2
[03Jun2025 02:51:26.342] [Server thread/INFO] [com.cobblemon.mod.common.Cobblemon/]: No battle could be found with the id: ab121b67-f1e2-4cb8-ad29-a18416c94ed2
[03Jun2025 02:54:15.677] [Worker-Main-68/WARN] [net.minecraft.world.level.levelgen.structure.pools.JigsawPlacement/]: Empty or non-existent pool: minecraft:ruins/forest_ruins_gate
[03Jun2025 02:54:15.681] [Worker-Main-68/WARN] [net.minecraft.world.level.levelgen.structure.pools.JigsawPlacement/]: Empty or non-existent pool: minecraft:ruins/forest_ruins_gate
[03Jun2025 02:54:15.681] [Worker-Main-68/WARN] [net.minecraft.world.level.levelgen.structure.pools.JigsawPlacement/]: Empty or non-existent pool: minecraft:ruins/forest_ruins_gate
[03Jun2025 02:56:51.244] [Worker-Main-90/WARN] [net.minecraft.world.level.levelgen.structure.pools.JigsawPlacement/]: Empty or non-existent pool: minecraft:ruins/forest_ruins_gate
[03Jun2025 02:56:51.244] [Worker-Main-90/WARN] [net.minecraft.world.level.levelgen.structure.pools.JigsawPlacement/]: Empty or non-existent pool: minecraft:ruins/forest_ruins_gate
[03Jun2025 02:56:51.254] [Worker-Main-90/WARN] [net.minecraft.world.level.levelgen.structure.pools.JigsawPlacement/]: Empty or non-existent pool: minecraft:ruins/forest_ruins_gate
[03Jun2025 02:56:51.887] [Worker-Main-101/WARN] [net.minecraft.world.level.levelgen.structure.pools.JigsawPlacement/]: Empty or non-existent pool: minecraft:ruins/forest_ruins_gate
[03Jun2025 02:56:51.897] [Worker-Main-101/WARN] [net.minecraft.world.level.levelgen.structure.pools.JigsawPlacement/]: Empty or non-existent pool: minecraft:ruins/forest_ruins_gate
[03Jun2025 02:56:51.912] [Worker-Main-101/WARN] [net.minecraft.world.level.levelgen.structure.pools.JigsawPlacement/]: Empty or non-existent pool: minecraft:ruins/forest_ruins_gate
[03Jun2025 03:05:16.685] [Server thread/INFO] [com.cobblemon.mod.common.Cobblemon/]: No battle could be found with the id: 4f39eb15-b3f0-43d8-ab3a-47852f22d93f
[03Jun2025 03:05:16.685] [Server thread/INFO] [com.cobblemon.mod.common.Cobblemon/]: No battle could be found with the id: 4f39eb15-b3f0-43d8-ab3a-47852f22d93f
[03Jun2025 03:06:02.587] [Server thread/INFO] [com.cobblemon.mod.common.Cobblemon/]: No battle could be found with the id: 2373486a-0467-4d38-8f63-2ac5e7106d4b
[03Jun2025 03:06:02.588] [Server thread/INFO] [com.cobblemon.mod.common.Cobblemon/]: No battle could be found with the id: 2373486a-0467-4d38-8f63-2ac5e7106d4b
[03Jun2025 03:37:29.184] [Server thread/INFO] [net.minecraft.server.network.ServerGamePacketListenerImpl/]: Lcdo_Patino lost connection: Disconnected
[03Jun2025 03:37:29.184] [Server thread/INFO] [net.minecraft.server.MinecraftServer/]: Lcdo_Patino left the game
