[23:05:09] [modloading-worker-0/INFO] ========================================
[23:05:09] [modloading-worker-0/INFO] Minecraft: 1.20.1
[23:05:09] [modloading-worker-0/INFO] Side: server
[23:05:09] [modloading-worker-0/INFO] Development: false
[23:05:09] [modloading-worker-0/INFO] Version: 12.1.785
[23:05:09] [modloading-worker-0/INFO] Loader:
[23:05:09] [modloading-worker-0/INFO] - Forge: 47.3.7
[23:05:09] [modloading-worker-0/INFO] Dependencies:
[23:05:09] [modloading-worker-0/INFO] - Cloth Config: 11.1.136
[23:05:09] [modloading-worker-0/INFO] - Architectury: 9.2.14
[23:05:09] [modloading-worker-0/INFO] Mixin: 0.8.5
[23:05:09] [modloading-worker-0/INFO] OS: Linux 6.8.0-1027-azure (amd64)
[23:05:09] [modloading-worker-0/INFO] Java: 17.0.15 (Ubuntu)
[23:05:09] [modloading-worker-0/INFO] ========================================
[23:05:09] [modloading-worker-0/INFO] Mods:
[23:05:10] [modloading-worker-0/INFO] - architectury: 9.2.14
[23:05:10] [modloading-worker-0/INFO] - attributefix: 21.0.4
[23:05:10] [modloading-worker-0/INFO] - badoptimizations: 2.2.1
[23:05:10] [modloading-worker-0/INFO] - bocchium: 1.20.1-0.0.3
[23:05:10] [modloading-worker-0/INFO] - chloride: 1.6.0
[23:05:10] [modloading-worker-0/INFO] - cloth_config: 11.1.136
[23:05:10] [modloading-worker-0/INFO] - cobblebadges: 2.1.0+1.20.1
[23:05:10] [modloading-worker-0/INFO] - cobbledex: 1.1.0
[23:05:10] [modloading-worker-0/INFO] - cobblemon: 1.5.2+1.20.1
[23:05:10] [modloading-worker-0/INFO] - cobblemonintegrations: 1.0.7
[23:05:10] [modloading-worker-0/INFO] - cobblemonrider: 1.2.4
[23:05:10] [modloading-worker-0/INFO] - cobblepedia: 0.6.8
[23:05:10] [modloading-worker-0/INFO] - embeddium: 0.3.31+mc1.20.1
[23:05:10] [modloading-worker-0/INFO] - emi: 1.1.22+1.20.1+forge
[23:05:10] [modloading-worker-0/INFO] - fastsuite: 5.0.1
[23:05:10] [modloading-worker-0/INFO] - ferritecore: 6.0.1
[23:05:10] [modloading-worker-0/INFO] - forge: 47.3.7
[23:05:10] [modloading-worker-0/INFO] - jei: 15.20.0.112
[23:05:10] [modloading-worker-0/INFO] - journeymap: 5.10.3
[23:05:10] [modloading-worker-0/INFO] - konkrete: 1.8.0
[23:05:10] [modloading-worker-0/INFO] - kotlinforforge: 4.11.0
[23:05:10] [modloading-worker-0/INFO] - megamons: 1.5.0+1.20.1-forge+fabric-75b66fa
[23:05:10] [modloading-worker-0/INFO] - minecraft: 1.20.1
[23:05:10] [modloading-worker-0/INFO] - mixinextras: 0.3.5
[23:05:10] [modloading-worker-0/INFO] - patchouli: 1.20.1-84.1-FORGE
[23:05:10] [modloading-worker-0/INFO] - placebo: 8.6.3
[23:05:10] [modloading-worker-0/INFO] - polymorph: 0.49.10+1.20.1
[23:05:10] [modloading-worker-0/INFO] - roughlyenoughitems: 12.1.785
[23:05:10] [modloading-worker-0/INFO] - rubidium: 0.7.1
[23:05:10] [modloading-worker-0/INFO] - simpletms: 1.1.2
[23:05:10] [modloading-worker-0/INFO] - skinrestorer: 2.3.3+1.20-forge
[23:05:10] [modloading-worker-0/INFO] - spectrelib: 0.13.17+1.20.1
[23:05:10] [modloading-worker-0/INFO] - travelersbackpack: 9.1.38
[23:05:10] [modloading-worker-0/INFO] - wwoo_forge: 2.0.0
[23:05:10] [modloading-worker-0/INFO] ========================================
[23:05:10] [modloading-worker-0/INFO] [REI] Registered plugin provider DefaultPluginImpl [roughlyenoughitems] for REIServerPlugin
[23:05:10] [modloading-worker-0/INFO] [REI] Registered plugin provider DefaultPluginImpl [roughlyenoughitems] for REIPlugin
[23:05:10] [modloading-worker-0/INFO] [REI] Registered plugin provider DefaultRuntimePlugin [roughlyenoughitems] for REIServerPlugin
[23:05:10] [modloading-worker-0/INFO] [REI] Registered plugin provider DefaultRuntimePlugin [roughlyenoughitems] for REIPlugin
[23:05:24] [Worker-Main-3/DEBUG] [REI] Processed 3 tags in 3.712 ms for minecraft:point_of_interest_type
[23:05:24] [Worker-Main-2/DEBUG] [REI] Processed 18 tags in 147.0 μs for minecraft:entity_type
[23:05:24] [Worker-Main-1/DEBUG] [REI] Processed 0 tags in 15.28 μs for minecraft:damage_type
[23:05:24] [Worker-Main-1/DEBUG] [REI] Processed 0 tags in 5.439 μs for minecraft:worldgen/world_preset
[23:05:24] [Worker-Main-2/DEBUG] [REI] Processed 3 tags in 39.72 μs for minecraft:instrument
[23:05:24] [Worker-Main-2/DEBUG] [REI] Processed 0 tags in 4.649 μs for minecraft:worldgen/flat_level_generator_preset
[23:05:24] [Worker-Main-1/DEBUG] [REI] Processed 7 tags in 79.90 μs for minecraft:banner_pattern
[23:05:24] [Worker-Main-1/DEBUG] [REI] Processed 5 tags in 189.4 μs for minecraft:game_event
[23:05:24] [Worker-Main-1/DEBUG] [REI] Processed 2 tags in 31.77 μs for minecraft:cat_variant
[23:05:24] [Worker-Main-1/DEBUG] [REI] Processed 0 tags in 16.06 μs for minecraft:worldgen/structure
[23:05:24] [Worker-Main-3/DEBUG] [REI] Processed 393 tags in 5.356 ms for minecraft:item
[23:05:24] [Worker-Main-3/DEBUG] [REI] Processed 1 tags in 44.15 μs for minecraft:painting_variant
[23:05:24] [Worker-Main-3/DEBUG] [REI] Processed 3 tags in 19.25 μs for minecraft:fluid
[23:05:24] [Worker-Main-1/DEBUG] [REI] Processed 0 tags in 85.15 μs for minecraft:worldgen/biome
[23:05:24] [Worker-Main-2/DEBUG] [REI] Processed 333 tags in 3.060 ms for minecraft:block
[23:05:25] [main/DEBUG] [REI] Starting Reload Plugins of stage null
java.lang.Throwable
	at TRANSFORMER/roughlyenoughitems@12.1.785/me.shedaniel.rei.impl.common.plugins.ReloadManagerImpl.reloadPlugins(ReloadManagerImpl.java:110)
	at TRANSFORMER/roughlyenoughitems@12.1.785/me.shedaniel.rei.RoughlyEnoughItemsCore.lambda$onInitialize$5(RoughlyEnoughItemsCore.java:163)
	at java.base/java.util.concurrent.CompletableFuture$UniRun.tryFire(CompletableFuture.java:787)
	at java.base/java.util.concurrent.CompletableFuture$Completion.run(CompletableFuture.java:482)
	at TRANSFORMER/minecraft@1.20.1/net.minecraft.server.packs.resources.SimpleReloadInstance.m_143940_(SimpleReloadInstance.java:69)
	at TRANSFORMER/minecraft@1.20.1/net.minecraft.Util.m_214652_(Util.java:783)
	at TRANSFORMER/minecraft@1.20.1/net.minecraft.Util.m_214679_(Util.java:772)
	at TRANSFORMER/minecraft@1.20.1/net.minecraft.server.Main.main(Main.java:166)
	at java.base/jdk.internal.reflect.NativeMethodAccessorImpl.invoke0(Native Method)
	at java.base/jdk.internal.reflect.NativeMethodAccessorImpl.invoke(NativeMethodAccessorImpl.java:77)
	at java.base/jdk.internal.reflect.DelegatingMethodAccessorImpl.invoke(DelegatingMethodAccessorImpl.java:43)
	at java.base/java.lang.reflect.Method.invoke(Method.java:569)
	at MC-BOOTSTRAP/fmlloader@1.20.1-47.3.7/net.minecraftforge.fml.loading.targets.CommonLaunchHandler.runTarget(CommonLaunchHandler.java:111)
	at MC-BOOTSTRAP/fmlloader@1.20.1-47.3.7/net.minecraftforge.fml.loading.targets.CommonLaunchHandler.serverService(CommonLaunchHandler.java:103)
	at MC-BOOTSTRAP/fmlloader@1.20.1-47.3.7/net.minecraftforge.fml.loading.targets.CommonServerLaunchHandler.lambda$makeService$0(CommonServerLaunchHandler.java:27)
	at MC-BOOTSTRAP/cpw.mods.modlauncher@10.0.9/cpw.mods.modlauncher.LaunchServiceHandlerDecorator.launch(LaunchServiceHandlerDecorator.java:30)
	at MC-BOOTSTRAP/cpw.mods.modlauncher@10.0.9/cpw.mods.modlauncher.LaunchServiceHandler.launch(LaunchServiceHandler.java:53)
	at MC-BOOTSTRAP/cpw.mods.modlauncher@10.0.9/cpw.mods.modlauncher.LaunchServiceHandler.launch(LaunchServiceHandler.java:71)
	at MC-BOOTSTRAP/cpw.mods.modlauncher@10.0.9/cpw.mods.modlauncher.Launcher.run(Launcher.java:108)
	at MC-BOOTSTRAP/cpw.mods.modlauncher@10.0.9/cpw.mods.modlauncher.Launcher.main(Launcher.java:78)
	at MC-BOOTSTRAP/cpw.mods.modlauncher@10.0.9/cpw.mods.modlauncher.BootstrapLaunchConsumer.accept(BootstrapLaunchConsumer.java:26)
	at MC-BOOTSTRAP/cpw.mods.modlauncher@10.0.9/cpw.mods.modlauncher.BootstrapLaunchConsumer.accept(BootstrapLaunchConsumer.java:23)
	at cpw.mods.bootstraplauncher@1.1.2/cpw.mods.bootstraplauncher.BootstrapLauncher.main(BootstrapLauncher.java:141)
[23:05:25] [main/DEBUG] [REI] ========================================
[23:05:25] [main/DEBUG] [REI] REIPlugin starting pre-reload for START.
[23:05:25] [main/DEBUG] [REI] Reloadables (7):
[23:05:25] [main/DEBUG] [REI]  - EntryTypeRegistryImpl
[23:05:25] [main/DEBUG] [REI]  - EntrySettingsAdapterRegistryImpl
[23:05:25] [main/DEBUG] [REI]  - RecipeManagerContextImpl
[23:05:25] [main/DEBUG] [REI]  - ItemComparatorRegistryImpl
[23:05:25] [main/DEBUG] [REI]  - FluidComparatorRegistryImpl
[23:05:25] [main/DEBUG] [REI]  - DisplaySerializerRegistryImpl
[23:05:25] [main/DEBUG] [REI]  - FluidSupportProviderImpl
[23:05:25] [main/DEBUG] [REI] Plugins (2):
[23:05:25] [main/DEBUG] [REI]  - (-100.00) DefaultPluginImpl of DefaultPluginImpl [roughlyenoughitems]
[23:05:25] [main/DEBUG] [REI]  - (0.00) DefaultRuntimePlugin of DefaultRuntimePlugin [roughlyenoughitems]
[23:05:25] [main/DEBUG] [REI] ========================================
[23:05:25] [main/TRACE] [REI] [REIPlugin START] Reloading Section: "pre-register/"
[23:05:25] [main/TRACE] [REI] [REIPlugin START] Reloading Section: "pre-register/DefaultPluginImpl of DefaultPluginImpl [roughlyenoughitems]/"
[23:05:25] [main/TRACE] [REI] [REIPlugin START] Reloading Section: "pre-register/DefaultPluginImpl of DefaultPluginImpl [roughlyenoughitems]/" done in 861.7 μs
[23:05:25] [main/TRACE] [REI] [REIPlugin START] Reloading Section: "pre-register/DefaultRuntimePlugin of DefaultRuntimePlugin [roughlyenoughitems]/"
[23:05:25] [main/TRACE] [REI] [REIPlugin START] Reloading Section: "pre-register/DefaultRuntimePlugin of DefaultRuntimePlugin [roughlyenoughitems]/" done in 66.25 μs
[23:05:25] [main/TRACE] [REI] [REIPlugin START] Reloading Section: "pre-register/" done in 9.091 ms
[23:05:25] [main/TRACE] [REI] [REIPlugin START] Reloading Section: "pre-stage/"
[23:05:25] [main/TRACE] [REI] [REIPlugin START] Reloading Section: "pre-stage/EntryTypeRegistryImpl/"
[23:05:25] [main/TRACE] [REI] [REIPlugin START] Reloading Section: "pre-stage/EntryTypeRegistryImpl/" done in 279.0 μs
[23:05:25] [main/TRACE] [REI] [REIPlugin START] Reloading Section: "pre-stage/EntrySettingsAdapterRegistryImpl/"
[23:05:25] [main/TRACE] [REI] [REIPlugin START] Reloading Section: "pre-stage/EntrySettingsAdapterRegistryImpl/" done in 74.12 μs
[23:05:25] [main/TRACE] [REI] [REIPlugin START] Reloading Section: "pre-stage/RecipeManagerContextImpl/"
[23:05:25] [main/TRACE] [REI] [REIPlugin START] Reloading Section: "pre-stage/RecipeManagerContextImpl/" done in 68.86 μs
[23:05:25] [main/TRACE] [REI] [REIPlugin START] Reloading Section: "pre-stage/ItemComparatorRegistryImpl/"
[23:05:25] [main/TRACE] [REI] [REIPlugin START] Reloading Section: "pre-stage/ItemComparatorRegistryImpl/" done in 90.24 μs
[23:05:25] [main/TRACE] [REI] [REIPlugin START] Reloading Section: "pre-stage/FluidComparatorRegistryImpl/"
[23:05:25] [main/TRACE] [REI] [REIPlugin START] Reloading Section: "pre-stage/FluidComparatorRegistryImpl/" done in 69.23 μs
[23:05:25] [main/TRACE] [REI] [REIPlugin START] Reloading Section: "pre-stage/DisplaySerializerRegistryImpl/"
[23:05:25] [main/TRACE] [REI] [REIPlugin START] Reloading Section: "pre-stage/DisplaySerializerRegistryImpl/" done in 70.65 μs
[23:05:25] [main/TRACE] [REI] [REIPlugin START] Reloading Section: "pre-stage/FluidSupportProviderImpl/"
[23:05:25] [main/TRACE] [REI] [REIPlugin START] Reloading Section: "pre-stage/FluidSupportProviderImpl/" done in 71.60 μs
[23:05:25] [main/TRACE] [REI] [REIPlugin START] Reloading Section: "pre-stage/" done in 2.100 ms
[23:05:25] [main/DEBUG] [REI] ========================================
[23:05:25] [main/DEBUG] [REI] REIPlugin finished pre-reload for START in 12.05 ms.
[23:05:25] [main/DEBUG] [REI] ========================================
[23:05:25] [main/DEBUG] [REI] ========================================
[23:05:25] [main/DEBUG] [REI] REIServerPlugin starting pre-reload for START.
[23:05:25] [main/DEBUG] [REI] Reloadables (2):
[23:05:25] [main/DEBUG] [REI]  - MenuInfoRegistryImpl
[23:05:25] [main/DEBUG] [REI]  - SlotAccessorRegistryImpl
[23:05:25] [main/DEBUG] [REI] Plugins (2):
[23:05:25] [main/DEBUG] [REI]  - (-100.00) DefaultPluginImpl of DefaultPluginImpl [roughlyenoughitems]
[23:05:25] [main/DEBUG] [REI]  - (0.00) DefaultRuntimePlugin of DefaultRuntimePlugin [roughlyenoughitems]
[23:05:25] [main/DEBUG] [REI] ========================================
[23:05:25] [main/TRACE] [REI] [REIServerPlugin START] Reloading Section: "pre-register/"
[23:05:25] [main/TRACE] [REI] [REIServerPlugin START] Reloading Section: "pre-register/DefaultPluginImpl of DefaultPluginImpl [roughlyenoughitems]/"
[23:05:25] [main/TRACE] [REI] [REIServerPlugin START] Reloading Section: "pre-register/DefaultPluginImpl of DefaultPluginImpl [roughlyenoughitems]/" done in 96.44 μs
[23:05:25] [main/TRACE] [REI] [REIServerPlugin START] Reloading Section: "pre-register/DefaultRuntimePlugin of DefaultRuntimePlugin [roughlyenoughitems]/"
[23:05:25] [main/TRACE] [REI] [REIServerPlugin START] Reloading Section: "pre-register/DefaultRuntimePlugin of DefaultRuntimePlugin [roughlyenoughitems]/" done in 78.54 μs
[23:05:25] [main/TRACE] [REI] [REIServerPlugin START] Reloading Section: "pre-register/" done in 639.6 μs
[23:05:25] [main/TRACE] [REI] [REIServerPlugin START] Reloading Section: "pre-stage/"
[23:05:25] [main/TRACE] [REI] [REIServerPlugin START] Reloading Section: "pre-stage/MenuInfoRegistryImpl/"
[23:05:25] [main/TRACE] [REI] [REIServerPlugin START] Reloading Section: "pre-stage/MenuInfoRegistryImpl/" done in 100.7 μs
[23:05:25] [main/TRACE] [REI] [REIServerPlugin START] Reloading Section: "pre-stage/SlotAccessorRegistryImpl/"
[23:05:25] [main/TRACE] [REI] [REIServerPlugin START] Reloading Section: "pre-stage/SlotAccessorRegistryImpl/" done in 89.86 μs
[23:05:25] [main/TRACE] [REI] [REIServerPlugin START] Reloading Section: "pre-stage/" done in 659.6 μs
[23:05:25] [main/DEBUG] [REI] ========================================
[23:05:25] [main/DEBUG] [REI] REIServerPlugin finished pre-reload for START in 1.666 ms.
[23:05:25] [main/DEBUG] [REI] ========================================
[23:05:25] [main/INFO] [REI] ~~~~~~~~~~~~~~~~~~~~~~~~~~~~~~~~~~~~~~~~
[23:05:25] [main/INFO] [REI] REIPlugin starting main-reload for START.
[23:05:25] [main/DEBUG] [REI] Reloadables (7):
[23:05:25] [main/DEBUG] [REI]  - EntryTypeRegistryImpl
[23:05:25] [main/DEBUG] [REI]  - EntrySettingsAdapterRegistryImpl
[23:05:25] [main/DEBUG] [REI]  - RecipeManagerContextImpl
[23:05:25] [main/DEBUG] [REI]  - ItemComparatorRegistryImpl
[23:05:25] [main/DEBUG] [REI]  - FluidComparatorRegistryImpl
[23:05:25] [main/DEBUG] [REI]  - DisplaySerializerRegistryImpl
[23:05:25] [main/DEBUG] [REI]  - FluidSupportProviderImpl
[23:05:25] [main/INFO] [REI] Plugins (2):
[23:05:25] [main/INFO] [REI]  - (-100.00) DefaultPluginImpl of DefaultPluginImpl [roughlyenoughitems]
[23:05:25] [main/INFO] [REI]  - (0.00) DefaultRuntimePlugin of DefaultRuntimePlugin [roughlyenoughitems]
[23:05:25] [main/INFO] [REI] ~~~~~~~~~~~~~~~~~~~~~~~~~~~~~~~~~~~~~~~~
[23:05:25] [main/TRACE] [REI] [REIPlugin START] Reloading Section: "start-reload/"
[23:05:25] [main/TRACE] [REI] [REIPlugin START] Reloading Section: "start-reload/EntryTypeRegistryImpl/"
[23:05:25] [main/TRACE] [REI] [REIPlugin START] Reloading Section: "start-reload/EntryTypeRegistryImpl/" done in 109.1 μs
[23:05:25] [main/TRACE] [REI] [REIPlugin START] Reloading Section: "start-reload/EntrySettingsAdapterRegistryImpl/"
[23:05:25] [main/TRACE] [REI] [REIPlugin START] Reloading Section: "start-reload/EntrySettingsAdapterRegistryImpl/" done in 48.12 μs
[23:05:25] [main/TRACE] [REI] [REIPlugin START] Reloading Section: "start-reload/RecipeManagerContextImpl/"
[23:05:25] [main/TRACE] [REI] [REIPlugin START] Reloading Section: "start-reload/RecipeManagerContextImpl/" done in 45.15 μs
[23:05:25] [main/TRACE] [REI] [REIPlugin START] Reloading Section: "start-reload/ItemComparatorRegistryImpl/"
[23:05:25] [main/TRACE] [REI] [REIPlugin START] Reloading Section: "start-reload/ItemComparatorRegistryImpl/" done in 59.17 μs
[23:05:25] [main/TRACE] [REI] [REIPlugin START] Reloading Section: "start-reload/FluidComparatorRegistryImpl/"
[23:05:25] [main/TRACE] [REI] [REIPlugin START] Reloading Section: "start-reload/FluidComparatorRegistryImpl/" done in 46.15 μs
[23:05:25] [main/TRACE] [REI] [REIPlugin START] Reloading Section: "start-reload/DisplaySerializerRegistryImpl/"
[23:05:25] [main/TRACE] [REI] [REIPlugin START] Reloading Section: "start-reload/DisplaySerializerRegistryImpl/" done in 44.21 μs
[23:05:25] [main/TRACE] [REI] [REIPlugin START] Reloading Section: "start-reload/FluidSupportProviderImpl/"
[23:05:25] [main/TRACE] [REI] [REIPlugin START] Reloading Section: "start-reload/FluidSupportProviderImpl/" done in 84.76 μs
[23:05:25] [main/TRACE] [REI] [REIPlugin START] Reloading Section: "start-reload/" done in 1.382 ms
[23:05:25] [main/DEBUG] [REI] ========================================
[23:05:25] [main/DEBUG] [REI] REIPlugin started main-reload for START.
[23:05:25] [main/DEBUG] [REI] ========================================
[23:05:25] [main/TRACE] [REI] [REIPlugin START] Reloading Section: "reloadable-plugin/EntryTypeRegistryImpl/"
[23:05:25] [main/TRACE] [REI] [REIPlugin START] Reloading Section: "reloadable-plugin/EntryTypeRegistryImpl/DefaultPluginImpl of DefaultPluginImpl [roughlyenoughitems]/"
[23:05:25] [main/TRACE] [REI] [REIPlugin START] Reloading Section: "reloadable-plugin/EntryTypeRegistryImpl/DefaultPluginImpl of DefaultPluginImpl [roughlyenoughitems]/" done in 250.5 μs
[23:05:25] [main/TRACE] [REI] [REIPlugin START] Reloading Section: "reloadable-plugin/EntryTypeRegistryImpl/DefaultRuntimePlugin of DefaultRuntimePlugin [roughlyenoughitems]/"
[23:05:25] [main/TRACE] [REI] [REIPlugin START] Reloading Section: "reloadable-plugin/EntryTypeRegistryImpl/DefaultRuntimePlugin of DefaultRuntimePlugin [roughlyenoughitems]/" done in 8.338 ms
[23:05:25] [main/TRACE] [REI] [REIPlugin START] Reloading Section: "reloadable-plugin/EntryTypeRegistryImpl/" done in 9.816 ms
[23:05:25] [main/TRACE] [REI] [REIPlugin START] Reloading Section: "reloadable-plugin/EntrySettingsAdapterRegistryImpl/"
[23:05:25] [main/TRACE] [REI] [REIPlugin START] Reloading Section: "reloadable-plugin/EntrySettingsAdapterRegistryImpl/DefaultPluginImpl of DefaultPluginImpl [roughlyenoughitems]/"
[23:05:25] [main/TRACE] [REI] [REIPlugin START] Reloading Section: "reloadable-plugin/EntrySettingsAdapterRegistryImpl/DefaultPluginImpl of DefaultPluginImpl [roughlyenoughitems]/" done in 84.98 μs
[23:05:25] [main/TRACE] [REI] [REIPlugin START] Reloading Section: "reloadable-plugin/EntrySettingsAdapterRegistryImpl/DefaultRuntimePlugin of DefaultRuntimePlugin [roughlyenoughitems]/"
[23:05:25] [main/TRACE] [REI] [REIPlugin START] Reloading Section: "reloadable-plugin/EntrySettingsAdapterRegistryImpl/DefaultRuntimePlugin of DefaultRuntimePlugin [roughlyenoughitems]/" done in 150.4 μs
[23:05:25] [main/TRACE] [REI] [REIPlugin START] Reloading Section: "reloadable-plugin/EntrySettingsAdapterRegistryImpl/" done in 990.9 μs
[23:05:25] [main/TRACE] [REI] [REIPlugin START] Reloading Section: "reloadable-plugin/RecipeManagerContextImpl/"
[23:05:25] [main/TRACE] [REI] [REIPlugin START] Reloading Section: "reloadable-plugin/RecipeManagerContextImpl/DefaultPluginImpl of DefaultPluginImpl [roughlyenoughitems]/"
[23:05:25] [main/TRACE] [REI] [REIPlugin START] Reloading Section: "reloadable-plugin/RecipeManagerContextImpl/DefaultPluginImpl of DefaultPluginImpl [roughlyenoughitems]/" done in 69.27 μs
[23:05:25] [main/TRACE] [REI] [REIPlugin START] Reloading Section: "reloadable-plugin/RecipeManagerContextImpl/DefaultRuntimePlugin of DefaultRuntimePlugin [roughlyenoughitems]/"
[23:05:25] [main/TRACE] [REI] [REIPlugin START] Reloading Section: "reloadable-plugin/RecipeManagerContextImpl/DefaultRuntimePlugin of DefaultRuntimePlugin [roughlyenoughitems]/" done in 64.11 μs
[23:05:25] [main/TRACE] [REI] [REIPlugin START] Reloading Section: "reloadable-plugin/RecipeManagerContextImpl/" done in 522.2 μs
[23:05:25] [main/TRACE] [REI] [REIPlugin START] Reloading Section: "reloadable-plugin/ItemComparatorRegistryImpl/"
[23:05:25] [main/TRACE] [REI] [REIPlugin START] Reloading Section: "reloadable-plugin/ItemComparatorRegistryImpl/DefaultPluginImpl of DefaultPluginImpl [roughlyenoughitems]/"
[23:05:25] [main/TRACE] [REI] [REIPlugin START] Reloading Section: "reloadable-plugin/ItemComparatorRegistryImpl/DefaultPluginImpl of DefaultPluginImpl [roughlyenoughitems]/" done in 1.080 ms
[23:05:25] [main/TRACE] [REI] [REIPlugin START] Reloading Section: "reloadable-plugin/ItemComparatorRegistryImpl/DefaultRuntimePlugin of DefaultRuntimePlugin [roughlyenoughitems]/"
[23:05:25] [main/TRACE] [REI] [REIPlugin START] Reloading Section: "reloadable-plugin/ItemComparatorRegistryImpl/DefaultRuntimePlugin of DefaultRuntimePlugin [roughlyenoughitems]/" done in 58.59 μs
[23:05:25] [main/TRACE] [REI] [REIPlugin START] Reloading Section: "reloadable-plugin/ItemComparatorRegistryImpl/" done in 1.530 ms
[23:05:25] [main/TRACE] [REI] [REIPlugin START] Reloading Section: "reloadable-plugin/FluidComparatorRegistryImpl/"
[23:05:25] [main/TRACE] [REI] [REIPlugin START] Reloading Section: "reloadable-plugin/FluidComparatorRegistryImpl/DefaultPluginImpl of DefaultPluginImpl [roughlyenoughitems]/"
[23:05:25] [main/TRACE] [REI] [REIPlugin START] Reloading Section: "reloadable-plugin/FluidComparatorRegistryImpl/DefaultPluginImpl of DefaultPluginImpl [roughlyenoughitems]/" done in 51.22 μs
[23:05:25] [main/TRACE] [REI] [REIPlugin START] Reloading Section: "reloadable-plugin/FluidComparatorRegistryImpl/DefaultRuntimePlugin of DefaultRuntimePlugin [roughlyenoughitems]/"
[23:05:25] [main/TRACE] [REI] [REIPlugin START] Reloading Section: "reloadable-plugin/FluidComparatorRegistryImpl/DefaultRuntimePlugin of DefaultRuntimePlugin [roughlyenoughitems]/" done in 42.79 μs
[23:05:25] [main/TRACE] [REI] [REIPlugin START] Reloading Section: "reloadable-plugin/FluidComparatorRegistryImpl/" done in 367.8 μs
[23:05:25] [main/TRACE] [REI] [REIPlugin START] Reloading Section: "reloadable-plugin/DisplaySerializerRegistryImpl/"
[23:05:25] [main/TRACE] [REI] [REIPlugin START] Reloading Section: "reloadable-plugin/DisplaySerializerRegistryImpl/DefaultPluginImpl of DefaultPluginImpl [roughlyenoughitems]/"
[23:05:25] [main/TRACE] [REI] [REIPlugin START] Reloading Section: "reloadable-plugin/DisplaySerializerRegistryImpl/DefaultPluginImpl of DefaultPluginImpl [roughlyenoughitems]/" done in 63.75 μs
[23:05:25] [main/TRACE] [REI] [REIPlugin START] Reloading Section: "reloadable-plugin/DisplaySerializerRegistryImpl/DefaultRuntimePlugin of DefaultRuntimePlugin [roughlyenoughitems]/"
[23:05:25] [main/TRACE] [REI] [REIPlugin START] Reloading Section: "reloadable-plugin/DisplaySerializerRegistryImpl/DefaultRuntimePlugin of DefaultRuntimePlugin [roughlyenoughitems]/" done in 62.49 μs
[23:05:25] [main/TRACE] [REI] [REIPlugin START] Reloading Section: "reloadable-plugin/DisplaySerializerRegistryImpl/" done in 502.3 μs
[23:05:25] [main/TRACE] [REI] [REIPlugin START] Reloading Section: "reloadable-plugin/FluidSupportProviderImpl/"
[23:05:25] [main/TRACE] [REI] [REIPlugin START] Reloading Section: "reloadable-plugin/FluidSupportProviderImpl/DefaultPluginImpl of DefaultPluginImpl [roughlyenoughitems]/"
[23:05:25] [main/TRACE] [REI] [REIPlugin START] Reloading Section: "reloadable-plugin/FluidSupportProviderImpl/DefaultPluginImpl of DefaultPluginImpl [roughlyenoughitems]/" done in 1.113 ms
[23:05:25] [main/TRACE] [REI] [REIPlugin START] Reloading Section: "reloadable-plugin/FluidSupportProviderImpl/DefaultRuntimePlugin of DefaultRuntimePlugin [roughlyenoughitems]/"
[23:05:25] [main/TRACE] [REI] [REIPlugin START] Reloading Section: "reloadable-plugin/FluidSupportProviderImpl/DefaultRuntimePlugin of DefaultRuntimePlugin [roughlyenoughitems]/" done in 78.30 μs
[23:05:25] [main/TRACE] [REI] [REIPlugin START] Reloading Section: "reloadable-plugin/FluidSupportProviderImpl/" done in 1.765 ms
[23:05:25] [main/DEBUG] [REI] ========================================
[23:05:25] [main/DEBUG] [REI] REIPlugin ending main-reload for START.
[23:05:25] [main/DEBUG] [REI] ========================================
[23:05:25] [main/TRACE] [REI] [REIPlugin START] Reloading Section: "end-reload/"
[23:05:25] [main/TRACE] [REI] [REIPlugin START] Reloading Section: "end-reload/EntryTypeRegistryImpl/"
[23:05:25] [main/TRACE] [REI] [REIPlugin START] Reloading Section: "end-reload/EntryTypeRegistryImpl/" done in 273.3 μs
[23:05:25] [main/TRACE] [REI] [REIPlugin START] Reloading Section: "end-reload/EntrySettingsAdapterRegistryImpl/"
[23:05:25] [main/TRACE] [REI] [REIPlugin START] Reloading Section: "end-reload/EntrySettingsAdapterRegistryImpl/" done in 59.65 μs
[23:05:25] [main/TRACE] [REI] [REIPlugin START] Reloading Section: "end-reload/RecipeManagerContextImpl/"
[23:05:25] [main/TRACE] [REI] [REIPlugin START] Reloading Section: "end-reload/RecipeManagerContextImpl/" done in 69.87 μs
[23:05:25] [main/TRACE] [REI] [REIPlugin START] Reloading Section: "end-reload/ItemComparatorRegistryImpl/"
[23:05:25] [main/TRACE] [REI] [REIPlugin START] Reloading Section: "end-reload/ItemComparatorRegistryImpl/" done in 51.76 μs
[23:05:25] [main/TRACE] [REI] [REIPlugin START] Reloading Section: "end-reload/FluidComparatorRegistryImpl/"
[23:05:25] [main/TRACE] [REI] [REIPlugin START] Reloading Section: "end-reload/FluidComparatorRegistryImpl/" done in 58.25 μs
[23:05:25] [main/TRACE] [REI] [REIPlugin START] Reloading Section: "end-reload/DisplaySerializerRegistryImpl/"
[23:05:25] [main/TRACE] [REI] [REIPlugin START] Reloading Section: "end-reload/DisplaySerializerRegistryImpl/" done in 51.85 μs
[23:05:25] [main/TRACE] [REI] [REIPlugin START] Reloading Section: "end-reload/FluidSupportProviderImpl/"
[23:05:25] [main/TRACE] [REI] [REIPlugin START] Reloading Section: "end-reload/FluidSupportProviderImpl/" done in 254.2 μs
[23:05:25] [main/TRACE] [REI] [REIPlugin START] Reloading Section: "end-reload/" done in 2.215 ms
[23:05:25] [main/DEBUG] [REI] ========================================
[23:05:25] [main/DEBUG] [REI] REIPlugin ended main-reload for START in 24.77 ms.
[23:05:25] [main/DEBUG] [REI] ========================================
[23:05:25] [main/INFO] [REI] ++++++++++++++++++++++++++++++++++++++++
[23:05:25] [main/INFO] [REI] REIServerPlugin starting main-reload for START.
[23:05:25] [main/DEBUG] [REI] Reloadables (2):
[23:05:25] [main/DEBUG] [REI]  - MenuInfoRegistryImpl
[23:05:25] [main/DEBUG] [REI]  - SlotAccessorRegistryImpl
[23:05:25] [main/INFO] [REI] Plugins (2):
[23:05:25] [main/INFO] [REI]  - (-100.00) DefaultPluginImpl of DefaultPluginImpl [roughlyenoughitems]
[23:05:25] [main/INFO] [REI]  - (0.00) DefaultRuntimePlugin of DefaultRuntimePlugin [roughlyenoughitems]
[23:05:25] [main/INFO] [REI] ++++++++++++++++++++++++++++++++++++++++
[23:05:25] [main/TRACE] [REI] [REIServerPlugin START] Reloading Section: "start-reload/"
[23:05:25] [main/TRACE] [REI] [REIServerPlugin START] Reloading Section: "start-reload/MenuInfoRegistryImpl/"
[23:05:25] [main/TRACE] [REI] [REIServerPlugin START] Reloading Section: "start-reload/MenuInfoRegistryImpl/" done in 51.85 μs
[23:05:25] [main/TRACE] [REI] [REIServerPlugin START] Reloading Section: "start-reload/SlotAccessorRegistryImpl/"
[23:05:25] [main/TRACE] [REI] [REIServerPlugin START] Reloading Section: "start-reload/SlotAccessorRegistryImpl/" done in 57.28 μs
[23:05:25] [main/TRACE] [REI] [REIServerPlugin START] Reloading Section: "start-reload/" done in 492.8 μs
[23:05:25] [main/DEBUG] [REI] ========================================
[23:05:25] [main/DEBUG] [REI] REIServerPlugin started main-reload for START.
[23:05:25] [main/DEBUG] [REI] ========================================
[23:05:25] [main/TRACE] [REI] [REIServerPlugin START] Reloading Section: "reloadable-plugin/MenuInfoRegistryImpl/"
[23:05:25] [main/TRACE] [REI] [REIServerPlugin START] Reloading Section: "reloadable-plugin/MenuInfoRegistryImpl/DefaultPluginImpl of DefaultPluginImpl [roughlyenoughitems]/"
[23:05:25] [main/TRACE] [REI] [REIServerPlugin START] Reloading Section: "reloadable-plugin/MenuInfoRegistryImpl/DefaultPluginImpl of DefaultPluginImpl [roughlyenoughitems]/" done in 62.24 μs
[23:05:25] [main/TRACE] [REI] [REIServerPlugin START] Reloading Section: "reloadable-plugin/MenuInfoRegistryImpl/DefaultRuntimePlugin of DefaultRuntimePlugin [roughlyenoughitems]/"
[23:05:25] [main/TRACE] [REI] [REIServerPlugin START] Reloading Section: "reloadable-plugin/MenuInfoRegistryImpl/DefaultRuntimePlugin of DefaultRuntimePlugin [roughlyenoughitems]/" done in 55.95 μs
[23:05:25] [main/TRACE] [REI] [REIServerPlugin START] Reloading Section: "reloadable-plugin/MenuInfoRegistryImpl/" done in 496.5 μs
[23:05:25] [main/TRACE] [REI] [REIServerPlugin START] Reloading Section: "reloadable-plugin/SlotAccessorRegistryImpl/"
[23:05:25] [main/TRACE] [REI] [REIServerPlugin START] Reloading Section: "reloadable-plugin/SlotAccessorRegistryImpl/DefaultPluginImpl of DefaultPluginImpl [roughlyenoughitems]/"
[23:05:25] [main/TRACE] [REI] [REIServerPlugin START] Reloading Section: "reloadable-plugin/SlotAccessorRegistryImpl/DefaultPluginImpl of DefaultPluginImpl [roughlyenoughitems]/" done in 63.17 μs
[23:05:25] [main/TRACE] [REI] [REIServerPlugin START] Reloading Section: "reloadable-plugin/SlotAccessorRegistryImpl/DefaultRuntimePlugin of DefaultRuntimePlugin [roughlyenoughitems]/"
[23:05:25] [main/TRACE] [REI] [REIServerPlugin START] Reloading Section: "reloadable-plugin/SlotAccessorRegistryImpl/DefaultRuntimePlugin of DefaultRuntimePlugin [roughlyenoughitems]/" done in 53.30 μs
[23:05:25] [main/TRACE] [REI] [REIServerPlugin START] Reloading Section: "reloadable-plugin/SlotAccessorRegistryImpl/" done in 440.1 μs
[23:05:25] [main/DEBUG] [REI] ========================================
[23:05:25] [main/DEBUG] [REI] REIServerPlugin ending main-reload for START.
[23:05:25] [main/DEBUG] [REI] ========================================
[23:05:25] [main/TRACE] [REI] [REIServerPlugin START] Reloading Section: "end-reload/"
[23:05:25] [main/TRACE] [REI] [REIServerPlugin START] Reloading Section: "end-reload/MenuInfoRegistryImpl/"
[23:05:25] [main/TRACE] [REI] [REIServerPlugin START] Reloading Section: "end-reload/MenuInfoRegistryImpl/" done in 51.63 μs
[23:05:25] [main/TRACE] [REI] [REIServerPlugin START] Reloading Section: "end-reload/SlotAccessorRegistryImpl/"
[23:05:25] [main/TRACE] [REI] [REIServerPlugin START] Reloading Section: "end-reload/SlotAccessorRegistryImpl/" done in 52.76 μs
[23:05:25] [main/TRACE] [REI] [REIServerPlugin START] Reloading Section: "end-reload/" done in 397.7 μs
[23:05:25] [main/DEBUG] [REI] ========================================
[23:05:25] [main/DEBUG] [REI] REIServerPlugin ended main-reload for START in 4.311 ms.
[23:05:25] [main/DEBUG] [REI] ========================================
[23:05:25] [main/DEBUG] [REI] ========================================
[23:05:25] [main/DEBUG] [REI] REIPlugin starting post-reload for START.
[23:05:25] [main/DEBUG] [REI] Reloadables (7):
[23:05:25] [main/DEBUG] [REI]  - EntryTypeRegistryImpl
[23:05:25] [main/DEBUG] [REI]  - EntrySettingsAdapterRegistryImpl
[23:05:25] [main/DEBUG] [REI]  - RecipeManagerContextImpl
[23:05:25] [main/DEBUG] [REI]  - ItemComparatorRegistryImpl
[23:05:25] [main/DEBUG] [REI]  - FluidComparatorRegistryImpl
[23:05:25] [main/DEBUG] [REI]  - DisplaySerializerRegistryImpl
[23:05:25] [main/DEBUG] [REI]  - FluidSupportProviderImpl
[23:05:25] [main/DEBUG] [REI] Plugins (2):
[23:05:25] [main/DEBUG] [REI]  - (-100.00) DefaultPluginImpl of DefaultPluginImpl [roughlyenoughitems]
[23:05:25] [main/DEBUG] [REI]  - (0.00) DefaultRuntimePlugin of DefaultRuntimePlugin [roughlyenoughitems]
[23:05:25] [main/DEBUG] [REI] ========================================
[23:05:25] [main/TRACE] [REI] [REIPlugin START] Reloading Section: "post-register/"
[23:05:25] [main/TRACE] [REI] [REIPlugin START] Reloading Section: "post-register/DefaultPluginImpl of DefaultPluginImpl [roughlyenoughitems]/"
[23:05:25] [main/TRACE] [REI] [REIPlugin START] Reloading Section: "post-register/DefaultPluginImpl of DefaultPluginImpl [roughlyenoughitems]/" done in 243.6 μs
[23:05:25] [main/TRACE] [REI] [REIPlugin START] Reloading Section: "post-register/DefaultRuntimePlugin of DefaultRuntimePlugin [roughlyenoughitems]/"
[23:05:25] [main/TRACE] [REI] [REIPlugin START] Reloading Section: "post-register/DefaultRuntimePlugin of DefaultRuntimePlugin [roughlyenoughitems]/" done in 38.55 μs
[23:05:25] [main/TRACE] [REI] [REIPlugin START] Reloading Section: "post-register/" done in 765.4 μs
[23:05:25] [main/TRACE] [REI] [REIPlugin START] Reloading Section: "post-stage/"
[23:05:25] [main/TRACE] [REI] [REIPlugin START] Reloading Section: "post-stage/EntryTypeRegistryImpl/"
[23:05:25] [main/TRACE] [REI] [REIPlugin START] Reloading Section: "post-stage/EntryTypeRegistryImpl/" done in 51.29 μs
[23:05:25] [main/TRACE] [REI] [REIPlugin START] Reloading Section: "post-stage/EntrySettingsAdapterRegistryImpl/"
[23:05:25] [main/TRACE] [REI] [REIPlugin START] Reloading Section: "post-stage/EntrySettingsAdapterRegistryImpl/" done in 35.66 μs
[23:05:25] [main/TRACE] [REI] [REIPlugin START] Reloading Section: "post-stage/RecipeManagerContextImpl/"
[23:05:25] [main/TRACE] [REI] [REIPlugin START] Reloading Section: "post-stage/RecipeManagerContextImpl/" done in 35.63 μs
[23:05:25] [main/TRACE] [REI] [REIPlugin START] Reloading Section: "post-stage/ItemComparatorRegistryImpl/"
[23:05:25] [main/TRACE] [REI] [REIPlugin START] Reloading Section: "post-stage/ItemComparatorRegistryImpl/" done in 42.33 μs
[23:05:25] [main/TRACE] [REI] [REIPlugin START] Reloading Section: "post-stage/FluidComparatorRegistryImpl/"
[23:05:25] [main/TRACE] [REI] [REIPlugin START] Reloading Section: "post-stage/FluidComparatorRegistryImpl/" done in 33.36 μs
[23:05:25] [main/TRACE] [REI] [REIPlugin START] Reloading Section: "post-stage/DisplaySerializerRegistryImpl/"
[23:05:25] [main/TRACE] [REI] [REIPlugin START] Reloading Section: "post-stage/DisplaySerializerRegistryImpl/" done in 34.83 μs
[23:05:25] [main/TRACE] [REI] [REIPlugin START] Reloading Section: "post-stage/FluidSupportProviderImpl/"
[23:05:25] [main/TRACE] [REI] [REIPlugin START] Reloading Section: "post-stage/FluidSupportProviderImpl/" done in 36.37 μs
[23:05:25] [main/TRACE] [REI] [REIPlugin START] Reloading Section: "post-stage/" done in 1.047 ms
[23:05:25] [main/DEBUG] [REI] ========================================
[23:05:25] [main/INFO] [REI] REIPlugin finished post-reload for START in 1.989 ms, totaling 38.70 ms.
[23:05:25] [main/DEBUG] [REI] ========================================
[23:05:25] [main/DEBUG] [REI] ========================================
[23:05:25] [main/DEBUG] [REI] REIServerPlugin starting post-reload for START.
[23:05:25] [main/DEBUG] [REI] Reloadables (2):
[23:05:25] [main/DEBUG] [REI]  - MenuInfoRegistryImpl
[23:05:25] [main/DEBUG] [REI]  - SlotAccessorRegistryImpl
[23:05:25] [main/DEBUG] [REI] Plugins (2):
[23:05:25] [main/DEBUG] [REI]  - (-100.00) DefaultPluginImpl of DefaultPluginImpl [roughlyenoughitems]
[23:05:25] [main/DEBUG] [REI]  - (0.00) DefaultRuntimePlugin of DefaultRuntimePlugin [roughlyenoughitems]
[23:05:25] [main/DEBUG] [REI] ========================================
[23:05:25] [main/TRACE] [REI] [REIServerPlugin START] Reloading Section: "post-register/"
[23:05:25] [main/TRACE] [REI] [REIServerPlugin START] Reloading Section: "post-register/DefaultPluginImpl of DefaultPluginImpl [roughlyenoughitems]/"
[23:05:25] [main/TRACE] [REI] [REIServerPlugin START] Reloading Section: "post-register/DefaultPluginImpl of DefaultPluginImpl [roughlyenoughitems]/" done in 82.65 μs
[23:05:25] [main/TRACE] [REI] [REIServerPlugin START] Reloading Section: "post-register/DefaultRuntimePlugin of DefaultRuntimePlugin [roughlyenoughitems]/"
[23:05:25] [main/TRACE] [REI] [REIServerPlugin START] Reloading Section: "post-register/DefaultRuntimePlugin of DefaultRuntimePlugin [roughlyenoughitems]/" done in 51.53 μs
[23:05:25] [main/TRACE] [REI] [REIServerPlugin START] Reloading Section: "post-register/" done in 445.9 μs
[23:05:25] [main/TRACE] [REI] [REIServerPlugin START] Reloading Section: "post-stage/"
[23:05:25] [main/TRACE] [REI] [REIServerPlugin START] Reloading Section: "post-stage/MenuInfoRegistryImpl/"
[23:05:25] [main/TRACE] [REI] [REIServerPlugin START] Reloading Section: "post-stage/MenuInfoRegistryImpl/" done in 50.26 μs
[23:05:25] [main/TRACE] [REI] [REIServerPlugin START] Reloading Section: "post-stage/SlotAccessorRegistryImpl/"
[23:05:25] [main/TRACE] [REI] [REIServerPlugin START] Reloading Section: "post-stage/SlotAccessorRegistryImpl/" done in 47.55 μs
[23:05:25] [main/TRACE] [REI] [REIServerPlugin START] Reloading Section: "post-stage/" done in 385.8 μs
[23:05:25] [main/DEBUG] [REI] ========================================
[23:05:25] [main/INFO] [REI] REIServerPlugin finished post-reload for START in 1.048 ms, totaling 6.944 ms.
[23:05:25] [main/DEBUG] [REI] ========================================
[23:05:25] [main/DEBUG] [REI] ========================================
[23:05:25] [main/DEBUG] [REI] REIPlugin starting pre-reload for END.
[23:05:25] [main/DEBUG] [REI] Reloadables (7):
[23:05:25] [main/DEBUG] [REI]  - EntryTypeRegistryImpl
[23:05:25] [main/DEBUG] [REI]  - EntrySettingsAdapterRegistryImpl
[23:05:25] [main/DEBUG] [REI]  - RecipeManagerContextImpl
[23:05:25] [main/DEBUG] [REI]  - ItemComparatorRegistryImpl
[23:05:25] [main/DEBUG] [REI]  - FluidComparatorRegistryImpl
[23:05:25] [main/DEBUG] [REI]  - DisplaySerializerRegistryImpl
[23:05:25] [main/DEBUG] [REI]  - FluidSupportProviderImpl
[23:05:25] [main/DEBUG] [REI] Plugins (2):
[23:05:25] [main/DEBUG] [REI]  - (-100.00) DefaultPluginImpl of DefaultPluginImpl [roughlyenoughitems]
[23:05:25] [main/DEBUG] [REI]  - (0.00) DefaultRuntimePlugin of DefaultRuntimePlugin [roughlyenoughitems]
[23:05:25] [main/DEBUG] [REI] ========================================
[23:05:25] [main/TRACE] [REI] [REIPlugin END] Reloading Section: "pre-register/"
[23:05:25] [main/TRACE] [REI] [REIPlugin END] Reloading Section: "pre-register/DefaultPluginImpl of DefaultPluginImpl [roughlyenoughitems]/"
[23:05:25] [main/TRACE] [REI] [REIPlugin END] Reloading Section: "pre-register/DefaultPluginImpl of DefaultPluginImpl [roughlyenoughitems]/" done in 51.29 μs
[23:05:25] [main/TRACE] [REI] [REIPlugin END] Reloading Section: "pre-register/DefaultRuntimePlugin of DefaultRuntimePlugin [roughlyenoughitems]/"
[23:05:25] [main/TRACE] [REI] [REIPlugin END] Reloading Section: "pre-register/DefaultRuntimePlugin of DefaultRuntimePlugin [roughlyenoughitems]/" done in 50.23 μs
[23:05:25] [main/TRACE] [REI] [REIPlugin END] Reloading Section: "pre-register/" done in 402.1 μs
[23:05:25] [main/TRACE] [REI] [REIPlugin END] Reloading Section: "pre-stage/"
[23:05:25] [main/TRACE] [REI] [REIPlugin END] Reloading Section: "pre-stage/EntryTypeRegistryImpl/"
[23:05:25] [main/TRACE] [REI] [REIPlugin END] Reloading Section: "pre-stage/EntryTypeRegistryImpl/" done in 54.25 μs
[23:05:25] [main/TRACE] [REI] [REIPlugin END] Reloading Section: "pre-stage/EntrySettingsAdapterRegistryImpl/"
[23:05:25] [main/TRACE] [REI] [REIPlugin END] Reloading Section: "pre-stage/EntrySettingsAdapterRegistryImpl/" done in 53.16 μs
[23:05:25] [main/TRACE] [REI] [REIPlugin END] Reloading Section: "pre-stage/RecipeManagerContextImpl/"
[23:05:25] [main/TRACE] [REI] [REIPlugin END] Reloading Section: "pre-stage/RecipeManagerContextImpl/" done in 51.72 μs
[23:05:25] [main/TRACE] [REI] [REIPlugin END] Reloading Section: "pre-stage/ItemComparatorRegistryImpl/"
[23:05:25] [main/TRACE] [REI] [REIPlugin END] Reloading Section: "pre-stage/ItemComparatorRegistryImpl/" done in 53.98 μs
[23:05:25] [main/TRACE] [REI] [REIPlugin END] Reloading Section: "pre-stage/FluidComparatorRegistryImpl/"
[23:05:25] [main/TRACE] [REI] [REIPlugin END] Reloading Section: "pre-stage/FluidComparatorRegistryImpl/" done in 48.12 μs
[23:05:25] [main/TRACE] [REI] [REIPlugin END] Reloading Section: "pre-stage/DisplaySerializerRegistryImpl/"
[23:05:25] [main/TRACE] [REI] [REIPlugin END] Reloading Section: "pre-stage/DisplaySerializerRegistryImpl/" done in 68.26 μs
[23:05:25] [main/TRACE] [REI] [REIPlugin END] Reloading Section: "pre-stage/FluidSupportProviderImpl/"
[23:05:25] [main/TRACE] [REI] [REIPlugin END] Reloading Section: "pre-stage/FluidSupportProviderImpl/" done in 54.48 μs
[23:05:25] [main/TRACE] [REI] [REIPlugin END] Reloading Section: "pre-stage/" done in 1.253 ms
[23:05:25] [main/DEBUG] [REI] ========================================
[23:05:25] [main/DEBUG] [REI] REIPlugin finished pre-reload for END in 1.925 ms.
[23:05:25] [main/DEBUG] [REI] ========================================
[23:05:25] [main/DEBUG] [REI] ========================================
[23:05:25] [main/DEBUG] [REI] REIServerPlugin starting pre-reload for END.
[23:05:25] [main/DEBUG] [REI] Reloadables (2):
[23:05:25] [main/DEBUG] [REI]  - MenuInfoRegistryImpl
[23:05:25] [main/DEBUG] [REI]  - SlotAccessorRegistryImpl
[23:05:25] [main/DEBUG] [REI] Plugins (2):
[23:05:25] [main/DEBUG] [REI]  - (-100.00) DefaultPluginImpl of DefaultPluginImpl [roughlyenoughitems]
[23:05:25] [main/DEBUG] [REI]  - (0.00) DefaultRuntimePlugin of DefaultRuntimePlugin [roughlyenoughitems]
[23:05:25] [main/DEBUG] [REI] ========================================
[23:05:25] [main/TRACE] [REI] [REIServerPlugin END] Reloading Section: "pre-register/"
[23:05:25] [main/TRACE] [REI] [REIServerPlugin END] Reloading Section: "pre-register/DefaultPluginImpl of DefaultPluginImpl [roughlyenoughitems]/"
[23:05:25] [main/TRACE] [REI] [REIServerPlugin END] Reloading Section: "pre-register/DefaultPluginImpl of DefaultPluginImpl [roughlyenoughitems]/" done in 67.57 μs
[23:05:25] [main/TRACE] [REI] [REIServerPlugin END] Reloading Section: "pre-register/DefaultRuntimePlugin of DefaultRuntimePlugin [roughlyenoughitems]/"
[23:05:25] [main/TRACE] [REI] [REIServerPlugin END] Reloading Section: "pre-register/DefaultRuntimePlugin of DefaultRuntimePlugin [roughlyenoughitems]/" done in 55.85 μs
[23:05:25] [main/TRACE] [REI] [REIServerPlugin END] Reloading Section: "pre-register/" done in 480.8 μs
[23:05:25] [main/TRACE] [REI] [REIServerPlugin END] Reloading Section: "pre-stage/"
[23:05:25] [main/TRACE] [REI] [REIServerPlugin END] Reloading Section: "pre-stage/MenuInfoRegistryImpl/"
[23:05:25] [main/TRACE] [REI] [REIServerPlugin END] Reloading Section: "pre-stage/MenuInfoRegistryImpl/" done in 52.54 μs
[23:05:25] [main/TRACE] [REI] [REIServerPlugin END] Reloading Section: "pre-stage/SlotAccessorRegistryImpl/"
[23:05:25] [main/TRACE] [REI] [REIServerPlugin END] Reloading Section: "pre-stage/SlotAccessorRegistryImpl/" done in 54.63 μs
[23:05:25] [main/TRACE] [REI] [REIServerPlugin END] Reloading Section: "pre-stage/" done in 390.1 μs
[23:05:25] [main/DEBUG] [REI] ========================================
[23:05:25] [main/DEBUG] [REI] REIServerPlugin finished pre-reload for END in 1.130 ms.
[23:05:25] [main/DEBUG] [REI] ========================================
[23:05:25] [main/INFO] [REI] ++++++++++++++++++++++++++++++++++++++++
[23:05:25] [main/INFO] [REI] REIPlugin starting main-reload for END.
[23:05:25] [main/DEBUG] [REI] Reloadables (7):
[23:05:25] [main/DEBUG] [REI]  - EntryTypeRegistryImpl
[23:05:25] [main/DEBUG] [REI]  - EntrySettingsAdapterRegistryImpl
[23:05:25] [main/DEBUG] [REI]  - RecipeManagerContextImpl
[23:05:25] [main/DEBUG] [REI]  - ItemComparatorRegistryImpl
[23:05:25] [main/DEBUG] [REI]  - FluidComparatorRegistryImpl
[23:05:25] [main/DEBUG] [REI]  - DisplaySerializerRegistryImpl
[23:05:25] [main/DEBUG] [REI]  - FluidSupportProviderImpl
[23:05:25] [main/INFO] [REI] Plugins (2):
[23:05:25] [main/INFO] [REI]  - (-100.00) DefaultPluginImpl of DefaultPluginImpl [roughlyenoughitems]
[23:05:25] [main/INFO] [REI]  - (0.00) DefaultRuntimePlugin of DefaultRuntimePlugin [roughlyenoughitems]
[23:05:25] [main/INFO] [REI] ++++++++++++++++++++++++++++++++++++++++
[23:05:25] [main/TRACE] [REI] [REIPlugin END] Reloading Section: "start-reload/"
[23:05:25] [main/TRACE] [REI] [REIPlugin END] Reloading Section: "start-reload/EntryTypeRegistryImpl/"
[23:05:25] [main/TRACE] [REI] [REIPlugin END] Reloading Section: "start-reload/EntryTypeRegistryImpl/" done in 61.67 μs
[23:05:25] [main/TRACE] [REI] [REIPlugin END] Reloading Section: "start-reload/EntrySettingsAdapterRegistryImpl/"
[23:05:25] [main/TRACE] [REI] [REIPlugin END] Reloading Section: "start-reload/EntrySettingsAdapterRegistryImpl/" done in 77.01 μs
[23:05:25] [main/TRACE] [REI] [REIPlugin END] Reloading Section: "start-reload/RecipeManagerContextImpl/"
[23:05:25] [main/TRACE] [REI] [REIPlugin END] Reloading Section: "start-reload/RecipeManagerContextImpl/" done in 62.25 μs
[23:05:25] [main/TRACE] [REI] [REIPlugin END] Reloading Section: "start-reload/ItemComparatorRegistryImpl/"
[23:05:25] [main/TRACE] [REI] [REIPlugin END] Reloading Section: "start-reload/ItemComparatorRegistryImpl/" done in 56.61 μs
[23:05:25] [main/TRACE] [REI] [REIPlugin END] Reloading Section: "start-reload/FluidComparatorRegistryImpl/"
[23:05:25] [main/TRACE] [REI] [REIPlugin END] Reloading Section: "start-reload/FluidComparatorRegistryImpl/" done in 57.47 μs
[23:05:25] [main/TRACE] [REI] [REIPlugin END] Reloading Section: "start-reload/DisplaySerializerRegistryImpl/"
[23:05:25] [main/TRACE] [REI] [REIPlugin END] Reloading Section: "start-reload/DisplaySerializerRegistryImpl/" done in 74.22 μs
[23:05:25] [main/TRACE] [REI] [REIPlugin END] Reloading Section: "start-reload/FluidSupportProviderImpl/"
[23:05:25] [main/TRACE] [REI] [REIPlugin END] Reloading Section: "start-reload/FluidSupportProviderImpl/" done in 62.92 μs
[23:05:25] [main/TRACE] [REI] [REIPlugin END] Reloading Section: "start-reload/" done in 1.798 ms
[23:05:25] [main/DEBUG] [REI] ========================================
[23:05:25] [main/DEBUG] [REI] REIPlugin started main-reload for END.
[23:05:25] [main/DEBUG] [REI] ========================================
[23:05:25] [main/TRACE] [REI] [REIPlugin END] Reloading Section: "reloadable-plugin/EntryTypeRegistryImpl/"
[23:05:25] [main/TRACE] [REI] [REIPlugin END] Reloading Section: "reloadable-plugin/EntryTypeRegistryImpl/DefaultPluginImpl of DefaultPluginImpl [roughlyenoughitems]/"
[23:05:25] [main/TRACE] [REI] [REIPlugin END] Reloading Section: "reloadable-plugin/EntryTypeRegistryImpl/DefaultPluginImpl of DefaultPluginImpl [roughlyenoughitems]/" done in 72.25 μs
[23:05:25] [main/TRACE] [REI] [REIPlugin END] Reloading Section: "reloadable-plugin/EntryTypeRegistryImpl/DefaultRuntimePlugin of DefaultRuntimePlugin [roughlyenoughitems]/"
[23:05:25] [main/TRACE] [REI] [REIPlugin END] Reloading Section: "reloadable-plugin/EntryTypeRegistryImpl/DefaultRuntimePlugin of DefaultRuntimePlugin [roughlyenoughitems]/" done in 62.82 μs
[23:05:25] [main/TRACE] [REI] [REIPlugin END] Reloading Section: "reloadable-plugin/EntryTypeRegistryImpl/" done in 562.4 μs
[23:05:25] [main/TRACE] [REI] [REIPlugin END] Reloading Section: "reloadable-plugin/EntrySettingsAdapterRegistryImpl/"
[23:05:25] [main/TRACE] [REI] [REIPlugin END] Reloading Section: "reloadable-plugin/EntrySettingsAdapterRegistryImpl/DefaultPluginImpl of DefaultPluginImpl [roughlyenoughitems]/"
[23:05:25] [main/TRACE] [REI] [REIPlugin END] Reloading Section: "reloadable-plugin/EntrySettingsAdapterRegistryImpl/DefaultPluginImpl of DefaultPluginImpl [roughlyenoughitems]/" done in 50.82 μs
[23:05:25] [main/TRACE] [REI] [REIPlugin END] Reloading Section: "reloadable-plugin/EntrySettingsAdapterRegistryImpl/DefaultRuntimePlugin of DefaultRuntimePlugin [roughlyenoughitems]/"
[23:05:25] [main/TRACE] [REI] [REIPlugin END] Reloading Section: "reloadable-plugin/EntrySettingsAdapterRegistryImpl/DefaultRuntimePlugin of DefaultRuntimePlugin [roughlyenoughitems]/" done in 58.50 μs
[23:05:25] [main/TRACE] [REI] [REIPlugin END] Reloading Section: "reloadable-plugin/EntrySettingsAdapterRegistryImpl/" done in 353.5 μs
[23:05:25] [main/TRACE] [REI] [REIPlugin END] Reloading Section: "reloadable-plugin/RecipeManagerContextImpl/"
[23:05:25] [main/TRACE] [REI] [REIPlugin END] Reloading Section: "reloadable-plugin/RecipeManagerContextImpl/DefaultPluginImpl of DefaultPluginImpl [roughlyenoughitems]/"
[23:05:25] [main/TRACE] [REI] [REIPlugin END] Reloading Section: "reloadable-plugin/RecipeManagerContextImpl/DefaultPluginImpl of DefaultPluginImpl [roughlyenoughitems]/" done in 41.34 μs
[23:05:25] [main/TRACE] [REI] [REIPlugin END] Reloading Section: "reloadable-plugin/RecipeManagerContextImpl/DefaultRuntimePlugin of DefaultRuntimePlugin [roughlyenoughitems]/"
[23:05:25] [main/TRACE] [REI] [REIPlugin END] Reloading Section: "reloadable-plugin/RecipeManagerContextImpl/DefaultRuntimePlugin of DefaultRuntimePlugin [roughlyenoughitems]/" done in 49.87 μs
[23:05:25] [main/TRACE] [REI] [REIPlugin END] Reloading Section: "reloadable-plugin/RecipeManagerContextImpl/" done in 385.3 μs
[23:05:25] [main/TRACE] [REI] [REIPlugin END] Reloading Section: "reloadable-plugin/ItemComparatorRegistryImpl/"
[23:05:25] [main/TRACE] [REI] [REIPlugin END] Reloading Section: "reloadable-plugin/ItemComparatorRegistryImpl/DefaultPluginImpl of DefaultPluginImpl [roughlyenoughitems]/"
[23:05:25] [main/TRACE] [REI] [REIPlugin END] Reloading Section: "reloadable-plugin/ItemComparatorRegistryImpl/DefaultPluginImpl of DefaultPluginImpl [roughlyenoughitems]/" done in 53.80 μs
[23:05:25] [main/TRACE] [REI] [REIPlugin END] Reloading Section: "reloadable-plugin/ItemComparatorRegistryImpl/DefaultRuntimePlugin of DefaultRuntimePlugin [roughlyenoughitems]/"
[23:05:25] [main/TRACE] [REI] [REIPlugin END] Reloading Section: "reloadable-plugin/ItemComparatorRegistryImpl/DefaultRuntimePlugin of DefaultRuntimePlugin [roughlyenoughitems]/" done in 45.13 μs
[23:05:25] [main/TRACE] [REI] [REIPlugin END] Reloading Section: "reloadable-plugin/ItemComparatorRegistryImpl/" done in 386.4 μs
[23:05:25] [main/TRACE] [REI] [REIPlugin END] Reloading Section: "reloadable-plugin/FluidComparatorRegistryImpl/"
[23:05:25] [main/TRACE] [REI] [REIPlugin END] Reloading Section: "reloadable-plugin/FluidComparatorRegistryImpl/DefaultPluginImpl of DefaultPluginImpl [roughlyenoughitems]/"
[23:05:25] [main/TRACE] [REI] [REIPlugin END] Reloading Section: "reloadable-plugin/FluidComparatorRegistryImpl/DefaultPluginImpl of DefaultPluginImpl [roughlyenoughitems]/" done in 41.49 μs
[23:05:25] [main/TRACE] [REI] [REIPlugin END] Reloading Section: "reloadable-plugin/FluidComparatorRegistryImpl/DefaultRuntimePlugin of DefaultRuntimePlugin [roughlyenoughitems]/"
[23:05:25] [main/TRACE] [REI] [REIPlugin END] Reloading Section: "reloadable-plugin/FluidComparatorRegistryImpl/DefaultRuntimePlugin of DefaultRuntimePlugin [roughlyenoughitems]/" done in 49.30 μs
[23:05:25] [main/TRACE] [REI] [REIPlugin END] Reloading Section: "reloadable-plugin/FluidComparatorRegistryImpl/" done in 406.4 μs
[23:05:25] [main/TRACE] [REI] [REIPlugin END] Reloading Section: "reloadable-plugin/DisplaySerializerRegistryImpl/"
[23:05:25] [main/TRACE] [REI] [REIPlugin END] Reloading Section: "reloadable-plugin/DisplaySerializerRegistryImpl/DefaultPluginImpl of DefaultPluginImpl [roughlyenoughitems]/"
[23:05:25] [main/TRACE] [REI] [REIPlugin END] Reloading Section: "reloadable-plugin/DisplaySerializerRegistryImpl/DefaultPluginImpl of DefaultPluginImpl [roughlyenoughitems]/" done in 24.93 ms
[23:05:25] [main/TRACE] [REI] [REIPlugin END] Reloading Section: "reloadable-plugin/DisplaySerializerRegistryImpl/DefaultRuntimePlugin of DefaultRuntimePlugin [roughlyenoughitems]/"
[23:05:25] [main/TRACE] [REI] [REIPlugin END] Reloading Section: "reloadable-plugin/DisplaySerializerRegistryImpl/DefaultRuntimePlugin of DefaultRuntimePlugin [roughlyenoughitems]/" done in 267.5 μs
[23:05:25] [main/TRACE] [REI] [REIPlugin END] Reloading Section: "reloadable-plugin/DisplaySerializerRegistryImpl/" done in 25.69 ms
[23:05:25] [main/TRACE] [REI] [REIPlugin END] Reloading Section: "reloadable-plugin/FluidSupportProviderImpl/"
[23:05:25] [main/TRACE] [REI] [REIPlugin END] Reloading Section: "reloadable-plugin/FluidSupportProviderImpl/DefaultPluginImpl of DefaultPluginImpl [roughlyenoughitems]/"
[23:05:25] [main/TRACE] [REI] [REIPlugin END] Reloading Section: "reloadable-plugin/FluidSupportProviderImpl/DefaultPluginImpl of DefaultPluginImpl [roughlyenoughitems]/" done in 58.18 μs
[23:05:25] [main/TRACE] [REI] [REIPlugin END] Reloading Section: "reloadable-plugin/FluidSupportProviderImpl/DefaultRuntimePlugin of DefaultRuntimePlugin [roughlyenoughitems]/"
[23:05:25] [main/TRACE] [REI] [REIPlugin END] Reloading Section: "reloadable-plugin/FluidSupportProviderImpl/DefaultRuntimePlugin of DefaultRuntimePlugin [roughlyenoughitems]/" done in 70.66 μs
[23:05:25] [main/TRACE] [REI] [REIPlugin END] Reloading Section: "reloadable-plugin/FluidSupportProviderImpl/" done in 476.4 μs
[23:05:25] [main/DEBUG] [REI] ========================================
[23:05:25] [main/DEBUG] [REI] REIPlugin ending main-reload for END.
[23:05:25] [main/DEBUG] [REI] ========================================
[23:05:25] [main/TRACE] [REI] [REIPlugin END] Reloading Section: "end-reload/"
[23:05:25] [main/TRACE] [REI] [REIPlugin END] Reloading Section: "end-reload/EntryTypeRegistryImpl/"
[23:05:25] [main/TRACE] [REI] [REIPlugin END] Reloading Section: "end-reload/EntryTypeRegistryImpl/" done in 44.98 μs
[23:05:25] [main/TRACE] [REI] [REIPlugin END] Reloading Section: "end-reload/EntrySettingsAdapterRegistryImpl/"
[23:05:25] [main/TRACE] [REI] [REIPlugin END] Reloading Section: "end-reload/EntrySettingsAdapterRegistryImpl/" done in 47.80 μs
[23:05:25] [main/TRACE] [REI] [REIPlugin END] Reloading Section: "end-reload/RecipeManagerContextImpl/"
[23:05:25] [main/TRACE] [REI] [REIPlugin END] Reloading Section: "end-reload/RecipeManagerContextImpl/" done in 51.34 μs
[23:05:25] [main/TRACE] [REI] [REIPlugin END] Reloading Section: "end-reload/ItemComparatorRegistryImpl/"
[23:05:25] [main/TRACE] [REI] [REIPlugin END] Reloading Section: "end-reload/ItemComparatorRegistryImpl/" done in 77.36 μs
[23:05:25] [main/TRACE] [REI] [REIPlugin END] Reloading Section: "end-reload/FluidComparatorRegistryImpl/"
[23:05:25] [main/TRACE] [REI] [REIPlugin END] Reloading Section: "end-reload/FluidComparatorRegistryImpl/" done in 42.85 μs
[23:05:25] [main/TRACE] [REI] [REIPlugin END] Reloading Section: "end-reload/DisplaySerializerRegistryImpl/"
[23:05:25] [main/TRACE] [REI] [REIPlugin END] Reloading Section: "end-reload/DisplaySerializerRegistryImpl/" done in 40.73 μs
[23:05:25] [main/TRACE] [REI] [REIPlugin END] Reloading Section: "end-reload/FluidSupportProviderImpl/"
[23:05:25] [main/TRACE] [REI] [REIPlugin END] Reloading Section: "end-reload/FluidSupportProviderImpl/" done in 53.20 μs
[23:05:25] [main/TRACE] [REI] [REIPlugin END] Reloading Section: "end-reload/" done in 1.249 ms
[23:05:25] [main/DEBUG] [REI] ========================================
[23:05:25] [main/DEBUG] [REI] REIPlugin ended main-reload for END in 34.85 ms.
[23:05:25] [main/DEBUG] [REI] ========================================
[23:05:25] [main/INFO] [REI] ########################################
[23:05:25] [main/INFO] [REI] REIServerPlugin starting main-reload for END.
[23:05:25] [main/DEBUG] [REI] Reloadables (2):
[23:05:25] [main/DEBUG] [REI]  - MenuInfoRegistryImpl
[23:05:25] [main/DEBUG] [REI]  - SlotAccessorRegistryImpl
[23:05:25] [main/INFO] [REI] Plugins (2):
[23:05:25] [main/INFO] [REI]  - (-100.00) DefaultPluginImpl of DefaultPluginImpl [roughlyenoughitems]
[23:05:25] [main/INFO] [REI]  - (0.00) DefaultRuntimePlugin of DefaultRuntimePlugin [roughlyenoughitems]
[23:05:25] [main/INFO] [REI] ########################################
[23:05:25] [main/TRACE] [REI] [REIServerPlugin END] Reloading Section: "start-reload/"
[23:05:25] [main/TRACE] [REI] [REIServerPlugin END] Reloading Section: "start-reload/MenuInfoRegistryImpl/"
[23:05:25] [main/TRACE] [REI] [REIServerPlugin END] Reloading Section: "start-reload/MenuInfoRegistryImpl/" done in 55.97 μs
[23:05:25] [main/TRACE] [REI] [REIServerPlugin END] Reloading Section: "start-reload/SlotAccessorRegistryImpl/"
[23:05:25] [main/TRACE] [REI] [REIServerPlugin END] Reloading Section: "start-reload/SlotAccessorRegistryImpl/" done in 47.12 μs
[23:05:25] [main/TRACE] [REI] [REIServerPlugin END] Reloading Section: "start-reload/" done in 402.8 μs
[23:05:25] [main/DEBUG] [REI] ========================================
[23:05:25] [main/DEBUG] [REI] REIServerPlugin started main-reload for END.
[23:05:25] [main/DEBUG] [REI] ========================================
[23:05:25] [main/TRACE] [REI] [REIServerPlugin END] Reloading Section: "reloadable-plugin/MenuInfoRegistryImpl/"
[23:05:25] [main/TRACE] [REI] [REIServerPlugin END] Reloading Section: "reloadable-plugin/MenuInfoRegistryImpl/DefaultPluginImpl of DefaultPluginImpl [roughlyenoughitems]/"
[23:05:25] [main/TRACE] [REI] [REIServerPlugin END] Reloading Section: "reloadable-plugin/MenuInfoRegistryImpl/DefaultPluginImpl of DefaultPluginImpl [roughlyenoughitems]/" done in 67.68 μs
[23:05:25] [main/TRACE] [REI] [REIServerPlugin END] Reloading Section: "reloadable-plugin/MenuInfoRegistryImpl/DefaultRuntimePlugin of DefaultRuntimePlugin [roughlyenoughitems]/"
[23:05:25] [main/TRACE] [REI] [REIServerPlugin END] Reloading Section: "reloadable-plugin/MenuInfoRegistryImpl/DefaultRuntimePlugin of DefaultRuntimePlugin [roughlyenoughitems]/" done in 54.09 μs
[23:05:25] [main/TRACE] [REI] [REIServerPlugin END] Reloading Section: "reloadable-plugin/MenuInfoRegistryImpl/" done in 493.8 μs
[23:05:25] [main/TRACE] [REI] [REIServerPlugin END] Reloading Section: "reloadable-plugin/SlotAccessorRegistryImpl/"
[23:05:25] [main/TRACE] [REI] [REIServerPlugin END] Reloading Section: "reloadable-plugin/SlotAccessorRegistryImpl/DefaultPluginImpl of DefaultPluginImpl [roughlyenoughitems]/"
[23:05:25] [main/TRACE] [REI] [REIServerPlugin END] Reloading Section: "reloadable-plugin/SlotAccessorRegistryImpl/DefaultPluginImpl of DefaultPluginImpl [roughlyenoughitems]/" done in 75.42 μs
[23:05:25] [main/TRACE] [REI] [REIServerPlugin END] Reloading Section: "reloadable-plugin/SlotAccessorRegistryImpl/DefaultRuntimePlugin of DefaultRuntimePlugin [roughlyenoughitems]/"
[23:05:25] [main/DEBUG] [REI] Added slot accessor serializer: me.shedaniel.rei.plugin.common.runtime.DefaultRuntimePlugin$1@4fb87a1 [roughlyenoughitems:vanilla]
[23:05:25] [main/DEBUG] [REI] Added slot accessor serializer: me.shedaniel.rei.plugin.common.runtime.DefaultRuntimePlugin$2@7d153d5f [roughlyenoughitems:player]
[23:05:25] [main/TRACE] [REI] [REIServerPlugin END] Reloading Section: "reloadable-plugin/SlotAccessorRegistryImpl/DefaultRuntimePlugin of DefaultRuntimePlugin [roughlyenoughitems]/" done in 15.02 ms
[23:05:25] [main/TRACE] [REI] [REIServerPlugin END] Reloading Section: "reloadable-plugin/SlotAccessorRegistryImpl/" done in 15.51 ms
[23:05:25] [main/DEBUG] [REI] ========================================
[23:05:25] [main/DEBUG] [REI] REIServerPlugin ending main-reload for END.
[23:05:25] [main/DEBUG] [REI] ========================================
[23:05:25] [main/TRACE] [REI] [REIServerPlugin END] Reloading Section: "end-reload/"
[23:05:25] [main/TRACE] [REI] [REIServerPlugin END] Reloading Section: "end-reload/MenuInfoRegistryImpl/"
[23:05:25] [main/DEBUG] [REI] Registered 0 menu infos
[23:05:25] [main/TRACE] [REI] [REIServerPlugin END] Reloading Section: "end-reload/MenuInfoRegistryImpl/" done in 209.2 μs
[23:05:25] [main/TRACE] [REI] [REIServerPlugin END] Reloading Section: "end-reload/SlotAccessorRegistryImpl/"
[23:05:25] [main/DEBUG] [REI] Registered 2 slot accessor serializers
[23:05:25] [main/TRACE] [REI] [REIServerPlugin END] Reloading Section: "end-reload/SlotAccessorRegistryImpl/" done in 149.3 μs
[23:05:25] [main/TRACE] [REI] [REIServerPlugin END] Reloading Section: "end-reload/" done in 646.5 μs
[23:05:25] [main/DEBUG] [REI] ========================================
[23:05:25] [main/DEBUG] [REI] REIServerPlugin ended main-reload for END in 19.29 ms.
[23:05:25] [main/DEBUG] [REI] ========================================
[23:05:25] [main/DEBUG] [REI] ========================================
[23:05:25] [main/DEBUG] [REI] REIPlugin starting post-reload for END.
[23:05:25] [main/DEBUG] [REI] Reloadables (7):
[23:05:25] [main/DEBUG] [REI]  - EntryTypeRegistryImpl
[23:05:25] [main/DEBUG] [REI]  - EntrySettingsAdapterRegistryImpl
[23:05:25] [main/DEBUG] [REI]  - RecipeManagerContextImpl
[23:05:25] [main/DEBUG] [REI]  - ItemComparatorRegistryImpl
[23:05:25] [main/DEBUG] [REI]  - FluidComparatorRegistryImpl
[23:05:25] [main/DEBUG] [REI]  - DisplaySerializerRegistryImpl
[23:05:25] [main/DEBUG] [REI]  - FluidSupportProviderImpl
[23:05:25] [main/DEBUG] [REI] Plugins (2):
[23:05:25] [main/DEBUG] [REI]  - (-100.00) DefaultPluginImpl of DefaultPluginImpl [roughlyenoughitems]
[23:05:25] [main/DEBUG] [REI]  - (0.00) DefaultRuntimePlugin of DefaultRuntimePlugin [roughlyenoughitems]
[23:05:25] [main/DEBUG] [REI] ========================================
[23:05:25] [main/TRACE] [REI] [REIPlugin END] Reloading Section: "post-register/"
[23:05:25] [main/TRACE] [REI] [REIPlugin END] Reloading Section: "post-register/DefaultPluginImpl of DefaultPluginImpl [roughlyenoughitems]/"
[23:05:25] [main/TRACE] [REI] [REIPlugin END] Reloading Section: "post-register/DefaultPluginImpl of DefaultPluginImpl [roughlyenoughitems]/" done in 38.70 μs
[23:05:25] [main/TRACE] [REI] [REIPlugin END] Reloading Section: "post-register/DefaultRuntimePlugin of DefaultRuntimePlugin [roughlyenoughitems]/"
[23:05:25] [main/TRACE] [REI] [REIPlugin END] Reloading Section: "post-register/DefaultRuntimePlugin of DefaultRuntimePlugin [roughlyenoughitems]/" done in 40.47 μs
[23:05:25] [main/TRACE] [REI] [REIPlugin END] Reloading Section: "post-register/" done in 326.8 μs
[23:05:25] [main/TRACE] [REI] [REIPlugin END] Reloading Section: "post-stage/"
[23:05:25] [main/TRACE] [REI] [REIPlugin END] Reloading Section: "post-stage/EntryTypeRegistryImpl/"
[23:05:25] [main/TRACE] [REI] [REIPlugin END] Reloading Section: "post-stage/EntryTypeRegistryImpl/" done in 32.19 μs
[23:05:25] [main/TRACE] [REI] [REIPlugin END] Reloading Section: "post-stage/EntrySettingsAdapterRegistryImpl/"
[23:05:25] [main/TRACE] [REI] [REIPlugin END] Reloading Section: "post-stage/EntrySettingsAdapterRegistryImpl/" done in 50.22 μs
[23:05:25] [main/TRACE] [REI] [REIPlugin END] Reloading Section: "post-stage/RecipeManagerContextImpl/"
[23:05:25] [main/TRACE] [REI] [REIPlugin END] Reloading Section: "post-stage/RecipeManagerContextImpl/" done in 48.02 μs
[23:05:25] [main/TRACE] [REI] [REIPlugin END] Reloading Section: "post-stage/ItemComparatorRegistryImpl/"
[23:05:25] [main/TRACE] [REI] [REIPlugin END] Reloading Section: "post-stage/ItemComparatorRegistryImpl/" done in 49.78 μs
[23:05:25] [main/TRACE] [REI] [REIPlugin END] Reloading Section: "post-stage/FluidComparatorRegistryImpl/"
[23:05:25] [main/TRACE] [REI] [REIPlugin END] Reloading Section: "post-stage/FluidComparatorRegistryImpl/" done in 46.25 μs
[23:05:25] [main/TRACE] [REI] [REIPlugin END] Reloading Section: "post-stage/DisplaySerializerRegistryImpl/"
[23:05:25] [main/TRACE] [REI] [REIPlugin END] Reloading Section: "post-stage/DisplaySerializerRegistryImpl/" done in 70.90 μs
[23:05:25] [main/TRACE] [REI] [REIPlugin END] Reloading Section: "post-stage/FluidSupportProviderImpl/"
[23:05:25] [main/TRACE] [REI] [REIPlugin END] Reloading Section: "post-stage/FluidSupportProviderImpl/" done in 46.81 μs
[23:05:25] [main/TRACE] [REI] [REIPlugin END] Reloading Section: "post-stage/" done in 1.131 ms
[23:05:25] [main/DEBUG] [REI] ========================================
[23:05:25] [main/INFO] [REI] REIPlugin finished post-reload for END in 1.643 ms, totaling 38.35 ms.
[23:05:25] [main/DEBUG] [REI] ========================================
[23:05:25] [main/DEBUG] [REI] ========================================
[23:05:25] [main/DEBUG] [REI] REIServerPlugin starting post-reload for END.
[23:05:25] [main/DEBUG] [REI] Reloadables (2):
[23:05:25] [main/DEBUG] [REI]  - MenuInfoRegistryImpl
[23:05:25] [main/DEBUG] [REI]  - SlotAccessorRegistryImpl
[23:05:25] [main/DEBUG] [REI] Plugins (2):
[23:05:25] [main/DEBUG] [REI]  - (-100.00) DefaultPluginImpl of DefaultPluginImpl [roughlyenoughitems]
[23:05:25] [main/DEBUG] [REI]  - (0.00) DefaultRuntimePlugin of DefaultRuntimePlugin [roughlyenoughitems]
[23:05:25] [main/DEBUG] [REI] ========================================
[23:05:25] [main/TRACE] [REI] [REIServerPlugin END] Reloading Section: "post-register/"
[23:05:25] [main/TRACE] [REI] [REIServerPlugin END] Reloading Section: "post-register/DefaultPluginImpl of DefaultPluginImpl [roughlyenoughitems]/"
[23:05:25] [main/TRACE] [REI] [REIServerPlugin END] Reloading Section: "post-register/DefaultPluginImpl of DefaultPluginImpl [roughlyenoughitems]/" done in 48.14 μs
[23:05:25] [main/TRACE] [REI] [REIServerPlugin END] Reloading Section: "post-register/DefaultRuntimePlugin of DefaultRuntimePlugin [roughlyenoughitems]/"
[23:05:25] [main/TRACE] [REI] [REIServerPlugin END] Reloading Section: "post-register/DefaultRuntimePlugin of DefaultRuntimePlugin [roughlyenoughitems]/" done in 47.43 μs
[23:05:25] [main/TRACE] [REI] [REIServerPlugin END] Reloading Section: "post-register/" done in 419.6 μs
[23:05:25] [main/TRACE] [REI] [REIServerPlugin END] Reloading Section: "post-stage/"
[23:05:25] [main/TRACE] [REI] [REIServerPlugin END] Reloading Section: "post-stage/MenuInfoRegistryImpl/"
[23:05:25] [main/TRACE] [REI] [REIServerPlugin END] Reloading Section: "post-stage/MenuInfoRegistryImpl/" done in 30.10 μs
[23:05:25] [main/TRACE] [REI] [REIServerPlugin END] Reloading Section: "post-stage/SlotAccessorRegistryImpl/"
[23:05:25] [main/TRACE] [REI] [REIServerPlugin END] Reloading Section: "post-stage/SlotAccessorRegistryImpl/" done in 42.99 μs
[23:05:25] [main/TRACE] [REI] [REIServerPlugin END] Reloading Section: "post-stage/" done in 332.3 μs
[23:05:25] [main/DEBUG] [REI] ========================================
[23:05:25] [main/INFO] [REI] REIServerPlugin finished post-reload for END in 954.3 μs, totaling 21.30 ms.
[23:05:25] [main/DEBUG] [REI] ========================================
